合計 2772
-rw-r--r--.  1 root root     153  7月 16 06:12 2013 51sambaSID.bak
drwxr-xr-x. 10 root root    4096 10月 18 09:15 2013 BIND
drwxr-xr-x.  2 root root    4096  4月 26 20:40 2013 Desktop
drwxr-xr-x.  2 root root    4096  4月 26 20:40 2013 Documents
drwxr-xr-x.  2 root root    4096  4月 26 20:40 2013 Downloads
drwxr-xr-x. 11 root root    4096  2月  8 01:42 2014 LDAP+samba
drwxr-xr-x.  2 root root    4096  4月 26 20:40 2013 Music
drwxr-xr-x.  2 root root    4096  3月  3 19:07 2014 Perl
drwxr-xr-x.  2 root root    4096  4月 26 20:40 2013 Pictures
drwxr-xr-x.  2 root root    4096  4月 26 20:40 2013 Public
drwxr-xr-x.  5 root root    4096  1月 15 17:32 2014 Python
drwxr-xr-x.  2 root root    4096  1月 14 22:27 2014 Spark_script
drwxr-xr-x.  2 root root    4096  4月 26 20:40 2013 Templates
-rw-------.  1 root root    2082  4月 26 20:33 2013 anaconda-ks.cfg
drwxr-xr-x.  3 root root    4096 10月 15 14:27 2013 backup
-rw-r--r--.  1 root root   51179  4月 26 20:33 2013 install.log
-rw-r--r--.  1 root root   10166  4月 26 20:30 2013 install.log.syslog
drwxr-sr-x.  6 1000 1000    4096  2月 11 19:51 2014 lighttpd-1.4.34
-rw-r--r--.  1 root root  846070  2月  7 17:04 2014 lighttpd-1.4.34.tar.gz
drwxr-xr-x.  3 root root    4096 12月 30 10:49 2013 shell_script
-rw-r--r--.  1 root root 1844817 11月  5 15:28 2013 vimcdoc-1.8.0.tar.gz
drwxr-xr-x.  6 root root    4096 11月 25 11:15 2013 workspace
0合計 2772
-rw-r--r--.  1 root root     153  7月 16 06:12 2013 51sambaSID.bak
drwxr-xr-x. 10 root root    4096 10月 18 09:15 2013 BIND
drwxr-xr-x.  2 root root    4096  4月 26 20:40 2013 Desktop
drwxr-xr-x.  2 root root    4096  4月 26 20:40 2013 Documents
drwxr-xr-x.  2 root root    4096  4月 26 20:40 2013 Downloads
drwxr-xr-x. 11 root root    4096  2月  8 01:42 2014 LDAP+samba
drwxr-xr-x.  2 root root    4096  4月 26 20:40 2013 Music
drwxr-xr-x.  2 root root    4096  3月  3 19:07 2014 Perl
drwxr-xr-x.  2 root root    4096  4月 26 20:40 2013 Pictures
drwxr-xr-x.  2 root root    4096  4月 26 20:40 2013 Public
drwxr-xr-x.  5 root root    4096  1月 15 17:32 2014 Python
drwxr-xr-x.  2 root root    4096  1月 14 22:27 2014 Spark_script
drwxr-xr-x.  2 root root    4096  4月 26 20:40 2013 Templates
-rw-------.  1 root root    2082  4月 26 20:33 2013 anaconda-ks.cfg
drwxr-xr-x.  3 root root    4096 10月 15 14:27 2013 backup
-rw-r--r--.  1 root root   51179  4月 26 20:33 2013 install.log
-rw-r--r--.  1 root root   10166  4月 26 20:30 2013 install.log.syslog
drwxr-sr-x.  6 1000 1000    4096  2月 11 19:51 2014 lighttpd-1.4.34
-rw-r--r--.  1 root root  846070  2月  7 17:04 2014 lighttpd-1.4.34.tar.gz
drwxr-xr-x.  3 root root    4096 12月 30 10:49 2013 shell_script
-rw-r--r--.  1 root root 1844817 11月  5 15:28 2013 vimcdoc-1.8.0.tar.gz
drwxr-xr-x.  6 root root    4096 11月 25 11:15 2013 workspace
0----------------------
----------------------
合計 2772
-rw-r--r--.  1 root root     153  7月 16 06:12 2013 51sambaSID.bak
drwxr-xr-x. 10 root root    4096 10月 18 09:15 2013 BIND
drwxr-xr-x.  2 root root    4096  4月 26 20:40 2013 Desktop
drwxr-xr-x.  2 root root    4096  4月 26 20:40 2013 Documents
drwxr-xr-x.  2 root root    4096  4月 26 20:40 2013 Downloads
drwxr-xr-x. 11 root root    4096  2月  8 01:42 2014 LDAP+samba
drwxr-xr-x.  2 root root    4096  4月 26 20:40 2013 Music
drwxr-xr-x.  2 root root    4096  3月  3 19:08 2014 Perl
drwxr-xr-x.  2 root root    4096  4月 26 20:40 2013 Pictures
drwxr-xr-x.  2 root root    4096  4月 26 20:40 2013 Public
drwxr-xr-x.  5 root root    4096  1月 15 17:32 2014 Python
drwxr-xr-x.  2 root root    4096  1月 14 22:27 2014 Spark_script
drwxr-xr-x.  2 root root    4096  4月 26 20:40 2013 Templates
-rw-------.  1 root root    2082  4月 26 20:33 2013 anaconda-ks.cfg
drwxr-xr-x.  3 root root    4096 10月 15 14:27 2013 backup
-rw-r--r--.  1 root root   51179  4月 26 20:33 2013 install.log
-rw-r--r--.  1 root root   10166  4月 26 20:30 2013 install.log.syslog
drwxr-sr-x.  6 1000 1000    4096  2月 11 19:51 2014 lighttpd-1.4.34
-rw-r--r--.  1 root root  846070  2月  7 17:04 2014 lighttpd-1.4.34.tar.gz
drwxr-xr-x.  3 root root    4096 12月 30 10:49 2013 shell_script
-rw-r--r--.  1 root root 1844817 11月  5 15:28 2013 vimcdoc-1.8.0.tar.gz
drwxr-xr-x.  6 root root    4096 11月 25 11:15 2013 workspace
0----------------------
----------------------
合計 2780
-rw-r--r--.  1 root root     153  7月 16 06:12 2013 51sambaSID.bak
drwxr-xr-x. 10 root root    4096 10月 18 09:15 2013 BIND
drwxr-xr-x.  2 root root    4096  4月 26 20:40 2013 Desktop
drwxr-xr-x.  2 root root    4096  4月 26 20:40 2013 Documents
drwxr-xr-x.  2 root root    4096  4月 26 20:40 2013 Downloads
drwxr-xr-x. 11 root root    4096  2月  8 01:42 2014 LDAP+samba
drwxr-xr-x.  2 root root    4096  4月 26 20:40 2013 Music
drwxr-xr-x.  2 root root    4096  3月  3 23:42 2014 Perl
-rw-r--r--.  1 root root    6599  3月  3 23:40 2014 Perl.tar
drwxr-xr-x.  2 root root    4096  4月 26 20:40 2013 Pictures
drwxr-xr-x.  2 root root    4096  4月 26 20:40 2013 Public
drwxr-xr-x.  5 root root    4096  1月 15 17:32 2014 Python
drwxr-xr-x.  2 root root    4096  1月 14 22:27 2014 Spark_script
drwxr-xr-x.  2 root root    4096  4月 26 20:40 2013 Templates
-rw-------.  1 root root    2082  4月 26 20:33 2013 anaconda-ks.cfg
drwxr-xr-x.  3 root root    4096 10月 15 14:27 2013 backup
-rw-r--r--.  1 root root   51179  4月 26 20:33 2013 install.log
-rw-r--r--.  1 root root   10166  4月 26 20:30 2013 install.log.syslog
drwxr-sr-x.  6 1000 1000    4096  2月 11 19:51 2014 lighttpd-1.4.34
-rw-r--r--.  1 root root  846070  2月  7 17:04 2014 lighttpd-1.4.34.tar.gz
drwxr-xr-x.  3 root root    4096 12月 30 10:49 2013 shell_script
-rw-r--r--.  1 root root 1844817 11月  5 15:28 2013 vimcdoc-1.8.0.tar.gz
drwxr-xr-x.  6 root root    4096 11月 25 11:15 2013 workspace
0----------------------
